<?xml version="1.0" encoding="UTF-8"?>
<testsuite xmlns:xsi="http://www.w3.org/2001/XMLSchema-instance" xsi:noNamespaceSchemaLocation="https://maven.apache.org/surefire/maven-surefire-plugin/xsd/surefire-test-report.xsd" name="com.example.testing.CalculatorTest" time="1.201" tests="14" errors="0" skipped="0" failures="0">
  <properties>
[...]
</properties>
  <testcase name="testAddTwoPositiveNumbers" classname="com.example.testing.CalculatorTest" time="0.281"/>
  <testcase name="longCalcul" classname="com.example.testing.CalculatorTest" time="0.517"/>
  <testcase name="multiplyReturnZero{int}[1]" classname="com.example.testing.CalculatorTest" time="0.072"/>
  <testcase name="multiplyReturnZero{int}[2]" classname="com.example.testing.CalculatorTest" time="0.003"/>
  <testcase name="multiplyReturnZero{int}[3]" classname="com.example.testing.CalculatorTest" time="0.005"/>
  <testcase name="multiplyReturnZero{int}[4]" classname="com.example.testing.CalculatorTest" time="0.003"/>
  <testcase name="multiplyReturnZero{int}[5]" classname="com.example.testing.CalculatorTest" time="0.003"/>
  <testcase name="listDigits_shouldReturnsTheListOfZero_ofZero" classname="com.example.testing.CalculatorTest" time="0.043"/>
  <testcase name="listDigits_shouldReturnsTheListOfDigits_ofPositiveInteger" classname="com.example.testing.CalculatorTest" time="0.003"/>
  <testcase name="listDigits_shouldReturnsTheListOfDigits_ofNegativeInteger" classname="com.example.testing.CalculatorTest" time="0.002"/>
  <testcase name="testMultiplyTwoPositiveNumbers" classname="com.example.testing.CalculatorTest" time="0.001"/>
  <testcase name="multiplyReturnSpecific{int, int, int}[1]" classname="com.example.testing.CalculatorTest" time="0.018"/>
  <testcase name="multiplyReturnSpecific{int, int, int}[2]" classname="com.example.testing.CalculatorTest" time="0.003"/>
  <testcase name="multiplyReturnSpecific{int, int, int}[3]" classname="com.example.testing.CalculatorTest" time="0.002"/>
</testsuite>